[H[2J
-------------------------------------------------------------------------------

curl vfg...
{"access_token":"64fb4cde-366c-4928-91ec-a50220863fa5","token_type":"bearer","expires_in":43199,"scope":"admin-scope user-scope"}
-------------------------------------------------------------------------------

curl user...
{"error":"invalid_grant","error_description":"User account has expired"}
-------------------------------------------------------------------------------

curl editor...
{"error":"invalid_grant","error_description":"User account is locked"}
-------------------------------------------------------------------------------

curl user2..
{"error":"invalid_grant","error_description":"User account is locked"}
-------------------------------------------------------------------------------

curl user3..
{"access_token":"08f466aa-8d3f-489d-8d9a-718bf148a7f1","token_type":"bearer","expires_in":43199,"scope":"admin-scope user-scope"}
-------------------------------------------------------------------------------

[H[2J
-------------------------------------------------------------------------------

curl vfg...
{"access_token":"79eeceba-d34c-4b27-9e70-84e13d018ef1","token_type":"bearer","expires_in":43199,"scope":"admin-scope user-scope"}
-------------------------------------------------------------------------------

curl user...
{"error":"invalid_grant","error_description":"User account has expired"}
-------------------------------------------------------------------------------

curl editor...
{"error":"invalid_grant","error_description":"User account is locked"}
-------------------------------------------------------------------------------

curl user2..
{"error":"invalid_grant","error_description":"User account is locked"}
-------------------------------------------------------------------------------

curl user3..
{"access_token":"7696f17d-5c6b-48aa-bd71-05fbdd9fc5fd","token_type":"bearer","expires_in":43199,"scope":"admin-scope user-scope"}
-------------------------------------------------------------------------------

